INFO 2022-07-31 22:11:39,580 autoreload 677 Watching for file changes with StatReloader
WARNING 2022-07-31 22:11:41,139 log 241 Not Found: /
WARNING 2022-07-31 22:11:41,140 basehttp 187 "GET / HTTP/1.1" 404 2163
WARNING 2022-07-31 22:11:41,236 log 241 Not Found: /favicon.ico
WARNING 2022-07-31 22:11:41,236 basehttp 187 "GET /favicon.ico HTTP/1.1" 404 2214
WARNING 2022-07-31 22:12:02,024 log 241 Not Found: /register
WARNING 2022-07-31 22:12:02,025 basehttp 187 "GET /register HTTP/1.1" 404 2205
INFO 2022-07-31 22:12:10,198 basehttp 187 "GET /users/register HTTP/1.1" 301 0
INFO 2022-07-31 22:12:10,210 basehttp 187 "GET /users/register/ HTTP/1.1" 200 4889
WARNING 2022-07-31 22:12:10,232 basehttp 187 "GET /static/js/vue-2.5.16.js HTTP/1.1" 404 1807
WARNING 2022-07-31 22:12:10,232 basehttp 187 "GET /static/js/axios-0.18.0.min.js HTTP/1.1" 404 1825
INFO 2022-07-31 22:12:10,450 basehttp 187 "GET /static/css/reset.css HTTP/1.1" 200 638
INFO 2022-07-31 22:12:10,451 basehttp 187 "GET /static/css/main.css HTTP/1.1" 200 39722
WARNING 2022-07-31 22:12:10,462 basehttp 187 "GET /static/js/common.js HTTP/1.1" 404 1795
WARNING 2022-07-31 22:12:10,462 basehttp 187 "GET /static/js/host.js HTTP/1.1" 404 1789
INFO 2022-07-31 22:12:10,463 basehttp 187 "GET /static/images/pic_code.jpg HTTP/1.1" 200 4507
INFO 2022-07-31 22:12:10,463 basehttp 187 "GET /static/images/logo.png HTTP/1.1" 200 7450
INFO 2022-07-31 22:12:10,464 basehttp 187 "GET /static/images/interval_line.png HTTP/1.1" 200 1123
WARNING 2022-07-31 22:12:10,464 basehttp 187 "GET /static/js/register.js HTTP/1.1" 404 1801
INFO 2022-07-31 22:12:10,466 basehttp 187 "GET /static/images/icons02.png HTTP/1.1" 200 3935
INFO 2022-07-31 22:12:10,467 basehttp 187 "GET /static/images/register_banner.png HTTP/1.1" 200 54894
INFO 2022-07-31 22:13:14,867 autoreload 677 Watching for file changes with StatReloader
WARNING 2022-07-31 22:13:17,178 log 241 Not Found: /users/register/
WARNING 2022-07-31 22:13:17,179 basehttp 187 "GET /users/register/ HTTP/1.1" 404 2298
WARNING 2022-07-31 22:13:18,091 log 241 Not Found: /users/register/
WARNING 2022-07-31 22:13:18,091 basehttp 187 "GET /users/register/ HTTP/1.1" 404 2298
WARNING 2022-07-31 22:13:18,160 log 241 Not Found: /users/register/
WARNING 2022-07-31 22:13:18,160 basehttp 187 "GET /users/register/ HTTP/1.1" 404 2298
WARNING 2022-07-31 22:13:18,964 log 241 Not Found: /users/register/
WARNING 2022-07-31 22:13:18,965 basehttp 187 "GET /users/register/ HTTP/1.1" 404 2298
WARNING 2022-07-31 22:13:26,856 log 241 Not Found: /users/register/
WARNING 2022-07-31 22:13:26,857 basehttp 187 "GET /users/register/ HTTP/1.1" 404 2298
WARNING 2022-07-31 22:13:30,223 log 241 Not Found: /users/register/
WARNING 2022-07-31 22:13:30,224 basehttp 187 "GET /users/register/ HTTP/1.1" 404 2298
WARNING 2022-07-31 22:13:44,178 log 241 Not Found: /users/register/
WARNING 2022-07-31 22:13:44,180 basehttp 187 "GET /users/register/ HTTP/1.1" 404 2298
INFO 2022-07-31 22:13:52,111 basehttp 187 "GET /users/register HTTP/1.1" 200 3192
WARNING 2022-07-31 22:13:52,126 log 241 Not Found: /users/css/reset.css
WARNING 2022-07-31 22:13:52,127 basehttp 187 "GET /users/css/reset.css HTTP/1.1" 404 2310
WARNING 2022-07-31 22:13:52,139 log 241 Not Found: /users/css/main.css
WARNING 2022-07-31 22:13:52,142 log 241 Not Found: /users/js/host.js
WARNING 2022-07-31 22:13:52,142 log 241 Not Found: /users/images/pic_code.jpg
WARNING 2022-07-31 22:13:52,142 basehttp 187 "GET /users/css/main.css HTTP/1.1" 404 2307
WARNING 2022-07-31 22:13:52,145 log 241 Not Found: /users/js/common.js
WARNING 2022-07-31 22:13:52,146 basehttp 187 "GET /users/js/host.js HTTP/1.1" 404 2301
WARNING 2022-07-31 22:13:52,146 basehttp 187 "GET /users/images/pic_code.jpg HTTP/1.1" 404 2328
WARNING 2022-07-31 22:13:52,147 log 241 Not Found: /users/js/register.js
WARNING 2022-07-31 22:13:52,147 basehttp 187 "GET /users/js/common.js HTTP/1.1" 404 2307
WARNING 2022-07-31 22:13:52,148 log 241 Not Found: /users/images/logo.png
WARNING 2022-07-31 22:13:52,148 basehttp 187 "GET /users/js/register.js HTTP/1.1" 404 2313
WARNING 2022-07-31 22:13:52,149 basehttp 187 "GET /users/images/logo.png HTTP/1.1" 404 2316
WARNING 2022-07-31 22:13:59,732 log 241 Not Found: /users/register/
WARNING 2022-07-31 22:13:59,732 basehttp 187 "GET /users/register/ HTTP/1.1" 404 2298
WARNING 2022-07-31 22:13:59,838 log 241 Not Found: /favicon.ico
WARNING 2022-07-31 22:13:59,839 basehttp 187 "GET /favicon.ico HTTP/1.1" 404 2214
WARNING 2022-07-31 22:14:47,850 log 241 Not Found: /users/register/
WARNING 2022-07-31 22:14:47,851 basehttp 187 "GET /users/register/ HTTP/1.1" 404 2298
INFO 2022-07-31 22:14:59,389 autoreload 266 C:\Users\sinoeast\Desktop\mall\apps\users\urls.py changed, reloading.
INFO 2022-07-31 22:14:59,796 autoreload 677 Watching for file changes with StatReloader
INFO 2022-07-31 22:15:03,688 basehttp 187 "GET /users/register/ HTTP/1.1" 200 3192
WARNING 2022-07-31 22:15:03,726 log 241 Not Found: /users/register/css/reset.css
WARNING 2022-07-31 22:15:03,728 log 241 Not Found: /users/register/js/common.js
WARNING 2022-07-31 22:15:03,728 log 241 Not Found: /users/register/js/host.js
WARNING 2022-07-31 22:15:03,729 log 241 Not Found: /users/register/js/register.js
WARNING 2022-07-31 22:15:03,730 log 241 Not Found: /users/register/images/logo.png
WARNING 2022-07-31 22:15:03,730 basehttp 187 "GET /users/register/css/reset.css HTTP/1.1" 404 2338
WARNING 2022-07-31 22:15:03,730 log 241 Not Found: /users/register/css/main.css
WARNING 2022-07-31 22:15:03,731 basehttp 187 "GET /users/register/js/common.js HTTP/1.1" 404 2335
WARNING 2022-07-31 22:15:03,731 basehttp 187 "GET /users/register/js/host.js HTTP/1.1" 404 2329
WARNING 2022-07-31 22:15:03,731 basehttp 187 "GET /users/register/js/register.js HTTP/1.1" 404 2341
WARNING 2022-07-31 22:15:03,732 basehttp 187 "GET /users/register/images/logo.png HTTP/1.1" 404 2344
WARNING 2022-07-31 22:15:03,734 basehttp 187 "GET /users/register/css/main.css HTTP/1.1" 404 2335
WARNING 2022-07-31 22:15:03,736 log 241 Not Found: /users/register/images/pic_code.jpg
WARNING 2022-07-31 22:15:03,736 basehttp 187 "GET /users/register/images/pic_code.jpg HTTP/1.1" 404 2356
WARNING 2022-07-31 22:15:29,351 log 241 Not Found: /users/register/css/reset.css
WARNING 2022-07-31 22:15:29,351 log 241 Not Found: /users/register/css/main.css
WARNING 2022-07-31 22:15:29,352 basehttp 187 "GET /users/register/css/reset.css HTTP/1.1" 404 2338
WARNING 2022-07-31 22:15:29,352 basehttp 187 "GET /users/register/css/main.css HTTP/1.1" 404 2335
WARNING 2022-07-31 22:15:43,000 log 241 Not Found: /users/register/css/reset.css
WARNING 2022-07-31 22:15:43,000 basehttp 187 "GET /users/register/css/reset.css HTTP/1.1" 404 2338
INFO 2022-07-31 22:16:54,907 autoreload 677 Watching for file changes with StatReloader
ERROR 2022-07-31 22:16:56,951 log 241 Internal Server Error: /users/register/
Traceback (most recent call last):
  File "C:\Users\sinoeast\Desktop\mall\venv\lib\site-packages\django\core\handlers\exception.py", line 55, in inner
    response = get_response(request)
  File "C:\Users\sinoeast\Desktop\mall\venv\lib\site-packages\django\core\handlers\base.py", line 197, in _get_response
    response = wrapped_callback(request, *callback_args, **callback_kwargs)
  File "C:\Users\sinoeast\Desktop\mall\venv\lib\site-packages\django\views\generic\base.py", line 84, in view
    return self.dispatch(request, *args, **kwargs)
  File "C:\Users\sinoeast\Desktop\mall\venv\lib\site-packages\django\views\generic\base.py", line 119, in dispatch
    return handler(request, *args, **kwargs)
  File "C:\Users\sinoeast\Desktop\mall\apps\users\views.py", line 14, in get
    return render(request, 'register.html')
  File "C:\Users\sinoeast\Desktop\mall\venv\lib\site-packages\django\shortcuts.py", line 24, in render
    content = loader.render_to_string(template_name, context, request, using=using)
  File "C:\Users\sinoeast\Desktop\mall\venv\lib\site-packages\django\template\loader.py", line 62, in render_to_string
    return template.render(context, request)
  File "C:\Users\sinoeast\Desktop\mall\venv\lib\site-packages\django\template\backends\jinja2.py", line 76, in render
    return self.template.render(context)
  File "C:\Users\sinoeast\Desktop\mall\venv\lib\site-packages\jinja2\environment.py", line 1301, in render
    self.environment.handle_exception()
  File "C:\Users\sinoeast\Desktop\mall\venv\lib\site-packages\jinja2\environment.py", line 936, in handle_exception
    raise rewrite_traceback_stack(source=source)
  File "C:\Users\sinoeast\Desktop\mall\templates\register.html", line 6, in top-level template code
    <link rel="stylesheet" type="text/css" href={{ static(css/reset.css) }}>
  File "C:\Users\sinoeast\Desktop\mall\venv\lib\site-packages\jinja2\environment.py", line 485, in getattr
    return getattr(obj, attribute)
jinja2.exceptions.UndefinedError: 'reset' is undefined
ERROR 2022-07-31 22:16:56,955 basehttp 187 "GET /users/register/ HTTP/1.1" 500 112477
ERROR 2022-07-31 22:16:59,387 log 241 Internal Server Error: /users/register/
Traceback (most recent call last):
  File "C:\Users\sinoeast\Desktop\mall\venv\lib\site-packages\django\core\handlers\exception.py", line 55, in inner
    response = get_response(request)
  File "C:\Users\sinoeast\Desktop\mall\venv\lib\site-packages\django\core\handlers\base.py", line 197, in _get_response
    response = wrapped_callback(request, *callback_args, **callback_kwargs)
  File "C:\Users\sinoeast\Desktop\mall\venv\lib\site-packages\django\views\generic\base.py", line 84, in view
    return self.dispatch(request, *args, **kwargs)
  File "C:\Users\sinoeast\Desktop\mall\venv\lib\site-packages\django\views\generic\base.py", line 119, in dispatch
    return handler(request, *args, **kwargs)
  File "C:\Users\sinoeast\Desktop\mall\apps\users\views.py", line 14, in get
    return render(request, 'register.html')
  File "C:\Users\sinoeast\Desktop\mall\venv\lib\site-packages\django\shortcuts.py", line 24, in render
    content = loader.render_to_string(template_name, context, request, using=using)
  File "C:\Users\sinoeast\Desktop\mall\venv\lib\site-packages\django\template\loader.py", line 62, in render_to_string
    return template.render(context, request)
  File "C:\Users\sinoeast\Desktop\mall\venv\lib\site-packages\django\template\backends\jinja2.py", line 76, in render
    return self.template.render(context)
  File "C:\Users\sinoeast\Desktop\mall\venv\lib\site-packages\jinja2\environment.py", line 1301, in render
    self.environment.handle_exception()
  File "C:\Users\sinoeast\Desktop\mall\venv\lib\site-packages\jinja2\environment.py", line 936, in handle_exception
    raise rewrite_traceback_stack(source=source)
  File "C:\Users\sinoeast\Desktop\mall\templates\register.html", line 6, in top-level template code
    <link rel="stylesheet" type="text/css" href={{ static(css/reset.css) }}>
  File "C:\Users\sinoeast\Desktop\mall\venv\lib\site-packages\jinja2\environment.py", line 485, in getattr
    return getattr(obj, attribute)
jinja2.exceptions.UndefinedError: 'reset' is undefined
ERROR 2022-07-31 22:16:59,398 basehttp 187 "GET /users/register/ HTTP/1.1" 500 112477
ERROR 2022-07-31 22:16:59,979 log 241 Internal Server Error: /users/register/
Traceback (most recent call last):
  File "C:\Users\sinoeast\Desktop\mall\venv\lib\site-packages\django\core\handlers\exception.py", line 55, in inner
    response = get_response(request)
  File "C:\Users\sinoeast\Desktop\mall\venv\lib\site-packages\django\core\handlers\base.py", line 197, in _get_response
    response = wrapped_callback(request, *callback_args, **callback_kwargs)
  File "C:\Users\sinoeast\Desktop\mall\venv\lib\site-packages\django\views\generic\base.py", line 84, in view
    return self.dispatch(request, *args, **kwargs)
  File "C:\Users\sinoeast\Desktop\mall\venv\lib\site-packages\django\views\generic\base.py", line 119, in dispatch
    return handler(request, *args, **kwargs)
  File "C:\Users\sinoeast\Desktop\mall\apps\users\views.py", line 14, in get
    return render(request, 'register.html')
  File "C:\Users\sinoeast\Desktop\mall\venv\lib\site-packages\django\shortcuts.py", line 24, in render
    content = loader.render_to_string(template_name, context, request, using=using)
  File "C:\Users\sinoeast\Desktop\mall\venv\lib\site-packages\django\template\loader.py", line 62, in render_to_string
    return template.render(context, request)
  File "C:\Users\sinoeast\Desktop\mall\venv\lib\site-packages\django\template\backends\jinja2.py", line 76, in render
    return self.template.render(context)
  File "C:\Users\sinoeast\Desktop\mall\venv\lib\site-packages\jinja2\environment.py", line 1301, in render
    self.environment.handle_exception()
  File "C:\Users\sinoeast\Desktop\mall\venv\lib\site-packages\jinja2\environment.py", line 936, in handle_exception
    raise rewrite_traceback_stack(source=source)
  File "C:\Users\sinoeast\Desktop\mall\templates\register.html", line 6, in top-level template code
    <link rel="stylesheet" type="text/css" href={{ static(css/reset.css) }}>
  File "C:\Users\sinoeast\Desktop\mall\venv\lib\site-packages\jinja2\environment.py", line 485, in getattr
    return getattr(obj, attribute)
jinja2.exceptions.UndefinedError: 'reset' is undefined
ERROR 2022-07-31 22:16:59,990 basehttp 187 "GET /users/register/ HTTP/1.1" 500 112477
INFO 2022-07-31 22:17:16,616 autoreload 677 Watching for file changes with StatReloader
INFO 2022-07-31 22:17:18,317 basehttp 187 "GET /users/register/ HTTP/1.1" 200 3198
WARNING 2022-07-31 22:17:18,359 log 241 Not Found: /users/register/js/register.js
WARNING 2022-07-31 22:17:18,360 log 241 Not Found: /users/register/images/pic_code.jpg
WARNING 2022-07-31 22:17:18,361 log 241 Not Found: /users/register/css/main.css
WARNING 2022-07-31 22:17:18,361 log 241 Not Found: /users/register/images/logo.png
WARNING 2022-07-31 22:17:18,362 log 241 Not Found: /users/register/js/common.js
WARNING 2022-07-31 22:17:18,362 log 241 Not Found: /users/register/js/host.js
WARNING 2022-07-31 22:17:18,363 basehttp 187 "GET /users/register/js/register.js HTTP/1.1" 404 2341
WARNING 2022-07-31 22:17:18,363 basehttp 187 "GET /users/register/images/pic_code.jpg HTTP/1.1" 404 2356
WARNING 2022-07-31 22:17:18,363 basehttp 187 "GET /users/register/css/main.css HTTP/1.1" 404 2335
WARNING 2022-07-31 22:17:18,363 basehttp 187 "GET /users/register/images/logo.png HTTP/1.1" 404 2344
WARNING 2022-07-31 22:17:18,364 basehttp 187 "GET /users/register/js/common.js HTTP/1.1" 404 2335
WARNING 2022-07-31 22:17:18,364 basehttp 187 "GET /users/register/js/host.js HTTP/1.1" 404 2329
INFO 2022-07-31 22:19:37,679 autoreload 677 Watching for file changes with StatReloader
INFO 2022-07-31 22:19:39,818 basehttp 187 "GET /users/register/ HTTP/1.1" 200 3228
WARNING 2022-07-31 22:19:39,849 log 241 Not Found: /users/register/images/pic_code.jpg
WARNING 2022-07-31 22:19:39,850 basehttp 187 "GET /users/register/images/pic_code.jpg HTTP/1.1" 404 2356
INFO 2022-07-31 22:19:40,199 basehttp 187 "GET /static/js/common.js HTTP/1.1" 200 0
INFO 2022-07-31 22:19:40,199 basehttp 187 "GET /static/js/register.js HTTP/1.1" 200 0
INFO 2022-07-31 22:19:40,199 basehttp 187 "GET /static/js/host.js HTTP/1.1" 200 0
INFO 2022-07-31 22:25:43,465 autoreload 677 Watching for file changes with StatReloader
INFO 2022-07-31 22:25:45,861 basehttp 187 "GET /users/register/ HTTP/1.1" 200 3289
INFO 2022-07-31 22:25:45,881 basehttp 187 "GET /static/js/common.js HTTP/1.1" 304 0
INFO 2022-07-31 22:25:45,883 basehttp 187 "GET /static/js/host.js HTTP/1.1" 304 0
WARNING 2022-07-31 22:25:45,887 log 241 Not Found: /users/register/images/pic_code.jpg
WARNING 2022-07-31 22:25:45,887 basehttp 187 "GET /users/register/images/pic_code.jpg HTTP/1.1" 404 2356
INFO 2022-07-31 22:25:46,044 basehttp 187 "GET /static/js/register.js HTTP/1.1" 200 124
INFO 2022-07-31 22:25:47,028 basehttp 187 "GET /users/register/ HTTP/1.1" 200 3289
INFO 2022-07-31 22:25:47,043 basehttp 187 "GET /static/js/register.js HTTP/1.1" 304 0
WARNING 2022-07-31 22:25:47,044 log 241 Not Found: /users/register/images/pic_code.jpg
WARNING 2022-07-31 22:25:47,044 basehttp 187 "GET /users/register/images/pic_code.jpg HTTP/1.1" 404 2356
INFO 2022-07-31 22:25:47,640 basehttp 187 "GET /users/register/ HTTP/1.1" 200 3289
INFO 2022-07-31 22:25:47,655 basehttp 187 "GET /static/js/register.js HTTP/1.1" 304 0
WARNING 2022-07-31 22:25:47,656 log 241 Not Found: /users/register/images/pic_code.jpg
WARNING 2022-07-31 22:25:47,656 basehttp 187 "GET /users/register/images/pic_code.jpg HTTP/1.1" 404 2356
INFO 2022-07-31 22:25:47,817 basehttp 187 "GET /users/register/ HTTP/1.1" 200 3289
INFO 2022-07-31 22:25:47,832 basehttp 187 "GET /static/js/register.js HTTP/1.1" 304 0
WARNING 2022-07-31 22:25:47,833 log 241 Not Found: /users/register/images/pic_code.jpg
WARNING 2022-07-31 22:25:47,834 basehttp 187 "GET /users/register/images/pic_code.jpg HTTP/1.1" 404 2356
INFO 2022-07-31 22:25:47,925 basehttp 187 "GET /users/register/ HTTP/1.1" 200 3289
INFO 2022-07-31 22:25:47,942 basehttp 187 "GET /static/js/register.js HTTP/1.1" 304 0
WARNING 2022-07-31 22:25:47,943 log 241 Not Found: /users/register/images/pic_code.jpg
WARNING 2022-07-31 22:25:47,944 basehttp 187 "GET /users/register/images/pic_code.jpg HTTP/1.1" 404 2356
INFO 2022-07-31 22:25:47,976 basehttp 187 "GET /users/register/ HTTP/1.1" 200 3289
INFO 2022-07-31 22:25:47,993 basehttp 187 "GET /static/js/register.js HTTP/1.1" 304 0
WARNING 2022-07-31 22:25:47,994 log 241 Not Found: /users/register/images/pic_code.jpg
WARNING 2022-07-31 22:25:47,994 basehttp 187 "GET /users/register/images/pic_code.jpg HTTP/1.1" 404 2356
INFO 2022-07-31 22:25:53,326 basehttp 187 "GET /users/register/ HTTP/1.1" 200 3289
INFO 2022-07-31 22:25:53,342 basehttp 187 "GET /static/js/register.js HTTP/1.1" 304 0
WARNING 2022-07-31 22:25:53,342 log 241 Not Found: /users/register/images/pic_code.jpg
WARNING 2022-07-31 22:25:53,343 basehttp 187 "GET /users/register/images/pic_code.jpg HTTP/1.1" 404 2356
INFO 2022-07-31 22:25:53,705 basehttp 187 "GET /users/register/ HTTP/1.1" 200 3289
WARNING 2022-07-31 22:25:53,720 log 241 Not Found: /users/register/images/pic_code.jpg
WARNING 2022-07-31 22:25:53,721 basehttp 187 "GET /users/register/images/pic_code.jpg HTTP/1.1" 404 2356
INFO 2022-07-31 22:25:53,841 basehttp 187 "GET /users/register/ HTTP/1.1" 200 3289
WARNING 2022-07-31 22:25:53,857 log 241 Not Found: /users/register/images/pic_code.jpg
WARNING 2022-07-31 22:25:53,858 basehttp 187 "GET /users/register/images/pic_code.jpg HTTP/1.1" 404 2356
INFO 2022-07-31 22:25:53,886 basehttp 187 "GET /users/register/ HTTP/1.1" 200 3289
WARNING 2022-07-31 22:25:53,903 log 241 Not Found: /users/register/images/pic_code.jpg
WARNING 2022-07-31 22:25:53,903 basehttp 187 "GET /users/register/images/pic_code.jpg HTTP/1.1" 404 2356
INFO 2022-07-31 22:25:54,014 basehttp 187 "GET /users/register/ HTTP/1.1" 200 3289
WARNING 2022-07-31 22:25:54,030 log 241 Not Found: /users/register/images/pic_code.jpg
WARNING 2022-07-31 22:25:54,031 basehttp 187 "GET /users/register/images/pic_code.jpg HTTP/1.1" 404 2356
INFO 2022-07-31 22:25:54,177 basehttp 187 "GET /users/register/ HTTP/1.1" 200 3289
INFO 2022-07-31 22:25:54,194 basehttp 187 "GET /static/js/register.js HTTP/1.1" 304 0
WARNING 2022-07-31 22:25:54,195 log 241 Not Found: /users/register/images/pic_code.jpg
WARNING 2022-07-31 22:25:54,195 basehttp 187 "GET /users/register/images/pic_code.jpg HTTP/1.1" 404 2356
INFO 2022-07-31 22:25:54,319 basehttp 187 "GET /users/register/ HTTP/1.1" 200 3289
WARNING 2022-07-31 22:25:54,335 log 241 Not Found: /users/register/images/pic_code.jpg
WARNING 2022-07-31 22:25:54,336 basehttp 187 "GET /users/register/images/pic_code.jpg HTTP/1.1" 404 2356
INFO 2022-07-31 22:27:13,206 basehttp 187 "GET /users/register/ HTTP/1.1" 200 3289
INFO 2022-07-31 22:27:13,221 basehttp 187 "GET /static/js/common.js HTTP/1.1" 304 0
INFO 2022-07-31 22:27:13,221 basehttp 187 "GET /static/js/host.js HTTP/1.1" 304 0
WARNING 2022-07-31 22:27:13,223 log 241 Not Found: /users/register/images/pic_code.jpg
INFO 2022-07-31 22:27:13,223 basehttp 187 "GET /static/js/register.js HTTP/1.1" 200 147
WARNING 2022-07-31 22:27:13,223 basehttp 187 "GET /users/register/images/pic_code.jpg HTTP/1.1" 404 2356
INFO 2022-07-31 22:27:14,355 basehttp 187 "GET /users/register/ HTTP/1.1" 200 3289
INFO 2022-07-31 22:27:14,370 basehttp 187 "GET /static/js/register.js HTTP/1.1" 304 0
WARNING 2022-07-31 22:27:14,371 log 241 Not Found: /users/register/images/pic_code.jpg
WARNING 2022-07-31 22:27:14,372 basehttp 187 "GET /users/register/images/pic_code.jpg HTTP/1.1" 404 2356
INFO 2022-07-31 22:27:14,690 basehttp 187 "GET /users/register/ HTTP/1.1" 200 3289
INFO 2022-07-31 22:27:14,705 basehttp 187 "GET /static/js/register.js HTTP/1.1" 304 0
WARNING 2022-07-31 22:27:14,706 log 241 Not Found: /users/register/images/pic_code.jpg
WARNING 2022-07-31 22:27:14,706 basehttp 187 "GET /users/register/images/pic_code.jpg HTTP/1.1" 404 2356
INFO 2022-07-31 22:27:14,846 basehttp 187 "GET /users/register/ HTTP/1.1" 200 3289
INFO 2022-07-31 22:27:14,862 basehttp 187 "GET /static/js/register.js HTTP/1.1" 304 0
WARNING 2022-07-31 22:27:14,863 log 241 Not Found: /users/register/images/pic_code.jpg
WARNING 2022-07-31 22:27:14,863 basehttp 187 "GET /users/register/images/pic_code.jpg HTTP/1.1" 404 2356
INFO 2022-07-31 22:27:18,155 basehttp 187 "GET /users/register/ HTTP/1.1" 200 3289
INFO 2022-07-31 22:27:18,170 basehttp 187 "GET /static/js/register.js HTTP/1.1" 304 0
WARNING 2022-07-31 22:27:18,171 log 241 Not Found: /users/register/images/pic_code.jpg
WARNING 2022-07-31 22:27:18,172 basehttp 187 "GET /users/register/images/pic_code.jpg HTTP/1.1" 404 2356
INFO 2022-08-01 15:26:17,089 autoreload 677 Watching for file changes with StatReloader
INFO 2022-08-01 15:26:57,798 autoreload 677 Watching for file changes with StatReloader
INFO 2022-08-01 15:29:54,451 autoreload 266 C:\Users\hs\Desktop\mall\mall\settings.py changed, reloading.
INFO 2022-08-01 15:30:01,019 autoreload 677 Watching for file changes with StatReloader
INFO 2022-08-01 15:32:39,206 autoreload 266 C:\Users\hs\Desktop\mall\mall\settings.py changed, reloading.
INFO 2022-08-01 15:32:42,993 autoreload 677 Watching for file changes with StatReloader
INFO 2022-08-01 15:36:03,944 autoreload 677 Watching for file changes with StatReloader
WARNING 2022-08-01 15:36:06,625 log 241 Not Found: /
WARNING 2022-08-01 15:36:06,628 basehttp 187 "GET / HTTP/1.1" 404 2163
WARNING 2022-08-01 15:36:07,726 log 241 Not Found: /favicon.ico
WARNING 2022-08-01 15:36:07,729 basehttp 187 "GET /favicon.ico HTTP/1.1" 404 2214
WARNING 2022-08-01 15:36:14,524 log 241 Not Found: /users
WARNING 2022-08-01 15:36:14,528 basehttp 187 "GET /users HTTP/1.1" 404 2196
INFO 2022-08-01 15:36:30,307 basehttp 187 "GET /users/register HTTP/1.1" 301 0
INFO 2022-08-01 15:36:30,393 basehttp 187 "GET /users/register/ HTTP/1.1" 200 3289
INFO 2022-08-01 15:36:30,743 basehttp 187 "GET /static/css/reset.css HTTP/1.1" 200 664
INFO 2022-08-01 15:36:30,754 basehttp 187 "GET /static/js/host.js HTTP/1.1" 200 0
INFO 2022-08-01 15:36:30,757 basehttp 187 "GET /static/js/common.js HTTP/1.1" 200 0
WARNING 2022-08-01 15:36:30,768 log 241 Not Found: /users/register/images/pic_code.jpg
INFO 2022-08-01 15:36:30,779 basehttp 187 "GET /static/js/register.js HTTP/1.1" 200 147
WARNING 2022-08-01 15:36:30,780 basehttp 187 "GET /users/register/images/pic_code.jpg HTTP/1.1" 404 2356
INFO 2022-08-01 15:36:30,780 basehttp 187 "GET /static/css/main.css HTTP/1.1" 200 41356
INFO 2022-08-01 15:36:30,781 basehttp 187 "GET /static/images/logo.png HTTP/1.1" 200 7450
INFO 2022-08-01 15:36:30,823 basehttp 187 "GET /static/images/interval_line.png HTTP/1.1" 200 1123
INFO 2022-08-01 15:36:30,823 basehttp 187 "GET /static/images/icons02.png HTTP/1.1" 200 3935
INFO 2022-08-01 15:36:30,824 basehttp 187 "GET /static/images/register_banner.png HTTP/1.1" 200 54894
INFO 2022-08-01 15:48:53,190 autoreload 677 Watching for file changes with StatReloader
INFO 2022-08-01 15:49:22,057 basehttp 187 "GET /admin/ HTTP/1.1" 302 0
INFO 2022-08-01 15:49:22,382 basehttp 187 "GET /admin/login/?next=/admin/ HTTP/1.1" 200 2217
INFO 2022-08-01 15:49:22,688 basehttp 187 "GET /static/admin/css/nav_sidebar.css HTTP/1.1" 200 2616
INFO 2022-08-01 15:49:22,689 basehttp 187 "GET /static/admin/css/responsive.css HTTP/1.1" 200 18575
INFO 2022-08-01 15:49:22,689 basehttp 187 "GET /static/admin/js/nav_sidebar.js HTTP/1.1" 200 3763
INFO 2022-08-01 15:49:22,690 basehttp 187 "GET /static/admin/css/login.css HTTP/1.1" 200 954
INFO 2022-08-01 15:49:22,691 basehttp 187 "GET /static/admin/css/base.css HTTP/1.1" 200 19513
INFO 2022-08-01 15:49:22,795 basehttp 187 "GET /static/admin/css/fonts.css HTTP/1.1" 200 423
INFO 2022-08-01 15:49:22,893 basehttp 187 "GET /static/admin/fonts/Roboto-Regular-webfont.woff HTTP/1.1" 200 85876
INFO 2022-08-01 15:49:22,895 basehttp 187 "GET /static/admin/fonts/Roboto-Light-webfont.woff HTTP/1.1" 200 85692
WARNING 2022-08-01 15:49:22,960 log 241 Not Found: /favicon.ico
WARNING 2022-08-01 15:49:22,964 basehttp 187 "GET /favicon.ico HTTP/1.1" 404 2214
WARNING 2022-08-01 15:49:40,777 log 241 Not Found: /user/register
WARNING 2022-08-01 15:49:40,778 basehttp 187 "GET /user/register HTTP/1.1" 404 2220
INFO 2022-08-01 15:49:46,042 basehttp 187 "GET /users/register/ HTTP/1.1" 200 3289
INFO 2022-08-01 15:49:46,085 basehttp 187 "GET /static/css/reset.css HTTP/1.1" 304 0
INFO 2022-08-01 15:49:46,106 basehttp 187 "GET /static/css/main.css HTTP/1.1" 304 0
INFO 2022-08-01 15:49:46,108 basehttp 187 "GET /static/js/common.js HTTP/1.1" 304 0
INFO 2022-08-01 15:49:46,109 basehttp 187 "GET /static/js/host.js HTTP/1.1" 304 0
INFO 2022-08-01 15:49:46,111 basehttp 187 "GET /static/js/register.js HTTP/1.1" 304 0
INFO 2022-08-01 15:49:46,113 basehttp 187 "GET /static/images/logo.png HTTP/1.1" 304 0
WARNING 2022-08-01 15:49:46,116 log 241 Not Found: /users/register/images/pic_code.jpg
WARNING 2022-08-01 15:49:46,121 basehttp 187 "GET /users/register/images/pic_code.jpg HTTP/1.1" 404 2356
INFO 2022-08-01 15:49:46,130 basehttp 187 "GET /static/images/interval_line.png HTTP/1.1" 304 0
INFO 2022-08-01 15:49:46,136 basehttp 187 "GET /static/images/register_banner.png HTTP/1.1" 304 0
INFO 2022-08-01 15:49:46,137 basehttp 187 "GET /static/images/icons02.png HTTP/1.1" 304 0
INFO 2022-08-01 15:54:38,876 autoreload 677 Watching for file changes with StatReloader
INFO 2022-08-01 15:54:40,945 basehttp 187 "GET /users/register/ HTTP/1.1" 200 3457
INFO 2022-08-01 15:54:41,094 basehttp 187 "GET /static/css/reset.css HTTP/1.1" 304 0
INFO 2022-08-01 15:54:41,108 basehttp 187 "GET /static/css/main.css HTTP/1.1" 304 0
INFO 2022-08-01 15:54:41,238 basehttp 187 "GET /static/js/axios-0.18.0.min.js HTTP/1.1" 200 12949
INFO 2022-08-01 15:54:41,248 basehttp 187 "GET /static/js/vue-2.5.16.js HTTP/1.1" 200 300254
INFO 2022-08-01 15:54:41,251 basehttp 187 "GET /static/js/host.js HTTP/1.1" 304 0
INFO 2022-08-01 15:54:41,266 basehttp 187 "GET /static/js/common.js HTTP/1.1" 304 0
INFO 2022-08-01 15:54:41,280 basehttp 187 "GET /static/js/register.js HTTP/1.1" 304 0
INFO 2022-08-01 15:54:41,329 basehttp 187 "GET /static/images/logo.png HTTP/1.1" 304 0
INFO 2022-08-01 15:54:41,350 basehttp 187 "GET /static/images/icons02.png HTTP/1.1" 304 0
INFO 2022-08-01 15:54:41,351 basehttp 187 "GET /static/images/interval_line.png HTTP/1.1" 304 0
INFO 2022-08-01 15:54:41,352 basehttp 187 "GET /static/images/register_banner.png HTTP/1.1" 304 0
WARNING 2022-08-01 15:54:41,448 log 241 Not Found: /users/register/images/pic_code.jpg
WARNING 2022-08-01 15:54:41,450 basehttp 187 "GET /static/js/axios.min.map HTTP/1.1" 404 1807
WARNING 2022-08-01 15:54:41,452 basehttp 187 "GET /users/register/images/pic_code.jpg HTTP/1.1" 404 2356
INFO 2022-08-01 15:56:12,877 basehttp 187 "GET /users/register/ HTTP/1.1" 200 3457
INFO 2022-08-01 15:56:13,127 basehttp 187 "GET /static/css/reset.css HTTP/1.1" 200 664
INFO 2022-08-01 15:56:13,144 basehttp 187 "GET /static/css/main.css HTTP/1.1" 200 41356
INFO 2022-08-01 15:56:13,148 basehttp 187 "GET /static/js/axios-0.18.0.min.js HTTP/1.1" 200 12949
INFO 2022-08-01 15:56:13,151 basehttp 187 "GET /static/js/vue-2.5.16.js HTTP/1.1" 200 300254
INFO 2022-08-01 15:56:13,157 basehttp 187 "GET /static/js/host.js HTTP/1.1" 200 81
INFO 2022-08-01 15:56:13,163 basehttp 187 "GET /static/js/common.js HTTP/1.1" 200 919
INFO 2022-08-01 15:56:13,175 basehttp 187 "GET /static/js/register.js HTTP/1.1" 200 8027
INFO 2022-08-01 15:56:13,179 basehttp 187 "GET /static/images/logo.png HTTP/1.1" 200 7450
INFO 2022-08-01 15:56:13,184 basehttp 187 "GET /static/images/interval_line.png HTTP/1.1" 200 1123
INFO 2022-08-01 15:56:13,187 basehttp 187 "GET /static/images/icons02.png HTTP/1.1" 200 3935
INFO 2022-08-01 15:56:13,187 basehttp 187 "GET /static/images/register_banner.png HTTP/1.1" 200 54894
WARNING 2022-08-01 15:56:13,189 log 241 Not Found: /users/register/images/pic_code.jpg
WARNING 2022-08-01 15:56:13,190 basehttp 187 "GET /users/register/images/pic_code.jpg HTTP/1.1" 404 2356
WARNING 2022-08-01 15:56:17,190 basehttp 187 "GET /static/js/axios.min.map HTTP/1.1" 404 1807
INFO 2022-08-01 15:57:20,898 basehttp 187 "GET /users/register/ HTTP/1.1" 200 3508
WARNING 2022-08-01 15:57:20,964 log 241 Not Found: /users/register/images/pic_code.jpg
WARNING 2022-08-01 15:57:20,968 basehttp 187 "GET /users/register/images/pic_code.jpg HTTP/1.1" 404 2356
WARNING 2022-08-01 15:57:21,209 basehttp 187 "GET /static/js/axios.min.map HTTP/1.1" 404 1807
INFO 2022-08-01 15:57:47,129 basehttp 187 "GET /users/register/ HTTP/1.1" 200 3508
WARNING 2022-08-01 15:57:47,646 log 241 Not Found: /users/register/images/pic_code.jpg
WARNING 2022-08-01 15:57:47,648 basehttp 187 "GET /users/register/images/pic_code.jpg HTTP/1.1" 404 2356
WARNING 2022-08-01 15:57:51,313 basehttp 187 "GET /static/js/axios.min.map HTTP/1.1" 404 1807
INFO 2022-08-01 15:58:18,025 basehttp 187 "GET /users/register/ HTTP/1.1" 200 3508
WARNING 2022-08-01 15:58:18,065 log 241 Not Found: /users/register/images/pic_code.jpg
WARNING 2022-08-01 15:58:18,067 basehttp 187 "GET /users/register/images/pic_code.jpg HTTP/1.1" 404 2356
WARNING 2022-08-01 15:58:18,283 basehttp 187 "GET /static/js/axios.min.map HTTP/1.1" 404 1807
INFO 2022-08-01 15:58:53,357 basehttp 187 "GET /users/register/ HTTP/1.1" 200 3508
INFO 2022-08-01 15:58:53,401 basehttp 187 "GET /static/css/reset.css HTTP/1.1" 200 664
INFO 2022-08-01 15:58:53,409 basehttp 187 "GET /static/css/main.css HTTP/1.1" 200 41356
INFO 2022-08-01 15:58:53,425 basehttp 187 "GET /static/js/axios-0.18.0.min.js HTTP/1.1" 200 12949
INFO 2022-08-01 15:58:53,436 basehttp 187 "GET /static/js/vue-2.5.16.js HTTP/1.1" 200 300254
INFO 2022-08-01 15:58:53,443 basehttp 187 "GET /static/js/host.js HTTP/1.1" 200 81
INFO 2022-08-01 15:58:53,450 basehttp 187 "GET /static/js/common.js HTTP/1.1" 200 919
INFO 2022-08-01 15:58:53,487 basehttp 187 "GET /static/js/register.js HTTP/1.1" 200 8027
INFO 2022-08-01 15:58:53,504 basehttp 187 "GET /static/images/interval_line.png HTTP/1.1" 200 1123
INFO 2022-08-01 15:58:53,530 basehttp 187 "GET /static/images/logo.png HTTP/1.1" 200 7450
INFO 2022-08-01 15:58:53,550 basehttp 187 "GET /static/images/register_banner.png HTTP/1.1" 200 54894
WARNING 2022-08-01 15:58:53,563 log 241 Not Found: /users/register/images/pic_code.jpg
INFO 2022-08-01 15:58:53,563 basehttp 187 "GET /static/images/icons02.png HTTP/1.1" 200 3935
WARNING 2022-08-01 15:58:53,566 basehttp 187 "GET /users/register/images/pic_code.jpg HTTP/1.1" 404 2356
WARNING 2022-08-01 15:58:54,061 basehttp 187 "GET /static/js/axios.min.map HTTP/1.1" 404 1807
INFO 2022-08-01 16:06:22,650 autoreload 677 Watching for file changes with StatReloader
INFO 2022-08-01 16:06:29,392 basehttp 187 "GET /users/register/ HTTP/1.1" 200 3632
INFO 2022-08-01 16:06:29,559 basehttp 187 "GET /static/css/reset.css HTTP/1.1" 304 0
INFO 2022-08-01 16:06:29,563 basehttp 187 "GET /static/css/main.css HTTP/1.1" 304 0
INFO 2022-08-01 16:06:29,575 basehttp 187 "GET /static/js/vue-2.5.16.js HTTP/1.1" 304 0
INFO 2022-08-01 16:06:29,578 basehttp 187 "GET /static/js/axios-0.18.0.min.js HTTP/1.1" 304 0
INFO 2022-08-01 16:06:29,587 basehttp 187 "GET /static/js/host.js HTTP/1.1" 304 0
INFO 2022-08-01 16:06:29,593 basehttp 187 "GET /static/js/common.js HTTP/1.1" 304 0
INFO 2022-08-01 16:06:29,637 basehttp 187 "GET /static/images/interval_line.png HTTP/1.1" 304 0
INFO 2022-08-01 16:06:29,638 basehttp 187 "GET /static/images/logo.png HTTP/1.1" 304 0
INFO 2022-08-01 16:06:29,640 basehttp 187 "GET /static/images/register_banner.png HTTP/1.1" 304 0
INFO 2022-08-01 16:06:29,642 basehttp 187 "GET /static/images/icons02.png HTTP/1.1" 304 0
WARNING 2022-08-01 16:06:29,670 log 241 Not Found: /users/register/images/pic_code.jpg
WARNING 2022-08-01 16:06:29,672 basehttp 187 "GET /users/register/images/pic_code.jpg HTTP/1.1" 404 2356
INFO 2022-08-01 16:06:29,728 basehttp 187 "GET /static/js/register.js HTTP/1.1" 200 9011
WARNING 2022-08-01 16:06:29,978 log 241 Not Found: /users/register/images/pic_code.jpg
WARNING 2022-08-01 16:06:29,980 basehttp 187 "GET /users/register/images/pic_code.jpg HTTP/1.1" 404 2356
WARNING 2022-08-01 16:06:33,828 log 241 Forbidden (CSRF cookie not set.): /users/register/
WARNING 2022-08-01 16:06:33,839 basehttp 187 "POST /users/register/ HTTP/1.1" 403 2801
INFO 2022-08-01 16:07:20,058 autoreload 677 Watching for file changes with StatReloader
INFO 2022-08-01 16:07:23,574 basehttp 187 "GET /users/register/ HTTP/1.1" 200 3632
WARNING 2022-08-01 16:07:23,691 log 241 Not Found: /users/register/images/pic_code.jpg
WARNING 2022-08-01 16:07:23,693 basehttp 187 "GET /users/register/images/pic_code.jpg HTTP/1.1" 404 2356
INFO 2022-08-01 16:07:23,728 basehttp 187 "GET /static/js/register.js HTTP/1.1" 200 9022
WARNING 2022-08-01 16:07:23,744 log 241 Not Found: /users/register/images/pic_code.jpg
WARNING 2022-08-01 16:07:23,746 basehttp 187 "GET /users/register/images/pic_code.jpg HTTP/1.1" 404 2356
WARNING 2022-08-01 16:07:29,444 log 241 Forbidden (CSRF cookie not set.): /users/register/
WARNING 2022-08-01 16:07:29,449 basehttp 187 "POST /users/register/ HTTP/1.1" 403 2801
WARNING 2022-08-01 16:07:36,485 log 241 Forbidden (CSRF cookie not set.): /users/register/
WARNING 2022-08-01 16:07:36,488 basehttp 187 "POST /users/register/ HTTP/1.1" 403 2801
INFO 2022-08-01 16:36:26,280 autoreload 677 Watching for file changes with StatReloader
INFO 2022-08-01 16:36:45,429 basehttp 187 "GET /users/register/ HTTP/1.1" 200 3770
INFO 2022-08-01 16:36:45,527 basehttp 187 "GET /static/js/vue-2.5.16.js HTTP/1.1" 304 0
INFO 2022-08-01 16:36:45,527 basehttp 187 "GET /static/css/main.css HTTP/1.1" 304 0
INFO 2022-08-01 16:36:45,527 basehttp 187 "GET /static/js/axios-0.18.0.min.js HTTP/1.1" 304 0
INFO 2022-08-01 16:36:45,541 basehttp 187 "GET /static/js/host.js HTTP/1.1" 304 0
INFO 2022-08-01 16:36:45,546 basehttp 187 "GET /static/css/reset.css HTTP/1.1" 304 0
INFO 2022-08-01 16:36:45,547 basehttp 187 "GET /static/js/common.js HTTP/1.1" 304 0
INFO 2022-08-01 16:36:45,567 basehttp 187 "GET /static/images/logo.png HTTP/1.1" 304 0
INFO 2022-08-01 16:36:45,569 basehttp 187 "GET /static/images/register_banner.png HTTP/1.1" 304 0
INFO 2022-08-01 16:36:45,570 basehttp 187 "GET /static/images/icons02.png HTTP/1.1" 304 0
INFO 2022-08-01 16:36:45,579 basehttp 187 "GET /static/images/interval_line.png HTTP/1.1" 304 0
WARNING 2022-08-01 16:36:45,596 log 241 Not Found: /users/register/images/pic_code.jpg
WARNING 2022-08-01 16:36:45,598 basehttp 187 "GET /users/register/images/pic_code.jpg HTTP/1.1" 404 2356
INFO 2022-08-01 16:36:45,646 basehttp 187 "GET /static/js/register.js HTTP/1.1" 200 10217
WARNING 2022-08-01 16:36:45,824 log 241 Not Found: /users/register/images/pic_code.jpg
WARNING 2022-08-01 16:36:45,827 basehttp 187 "GET /users/register/images/pic_code.jpg HTTP/1.1" 404 2356
WARNING 2022-08-01 16:36:45,889 log 241 Not Found: /favicon.ico
WARNING 2022-08-01 16:36:45,896 basehttp 187 "GET /favicon.ico HTTP/1.1" 404 2214
INFO 2022-08-01 16:38:08,744 autoreload 677 Watching for file changes with StatReloader
INFO 2022-08-01 16:38:18,479 basehttp 187 "GET /users/register/ HTTP/1.1" 200 3792
WARNING 2022-08-01 16:38:18,661 log 241 Not Found: /users/register/images/pic_code.jpg
WARNING 2022-08-01 16:38:18,665 basehttp 187 "GET /users/register/images/pic_code.jpg HTTP/1.1" 404 2356
INFO 2022-08-01 16:38:18,691 basehttp 187 "GET /static/js/register.js HTTP/1.1" 200 10299
WARNING 2022-08-01 16:38:18,733 log 241 Not Found: /users/register/images/pic_code.jpg
WARNING 2022-08-01 16:38:18,734 basehttp 187 "GET /users/register/images/pic_code.jpg HTTP/1.1" 404 2356
INFO 2022-08-01 16:41:35,579 autoreload 677 Watching for file changes with StatReloader
ERROR 2022-08-01 16:41:39,992 log 241 Internal Server Error: /users/register/
Traceback (most recent call last):
  File "C:\Users\hs\Desktop\mall\venv\lib\site-packages\django\template\backends\jinja2.py", line 42, in get_template
    return Template(self.env.get_template(template_name), self)
  File "C:\Users\hs\Desktop\mall\venv\lib\site-packages\jinja2\environment.py", line 1010, in get_template
    return self._load_template(name, globals)
  File "C:\Users\hs\Desktop\mall\venv\lib\site-packages\jinja2\environment.py", line 969, in _load_template
    template = self.loader.load(self, name, self.make_globals(globals))
  File "C:\Users\hs\Desktop\mall\venv\lib\site-packages\jinja2\loaders.py", line 138, in load
    code = environment.compile(source, name, filename)
  File "C:\Users\hs\Desktop\mall\venv\lib\site-packages\jinja2\environment.py", line 768, in compile
    self.handle_exception(source=source_hint)
  File "C:\Users\hs\Desktop\mall\venv\lib\site-packages\jinja2\environment.py", line 936, in handle_exception
    raise rewrite_traceback_stack(source=source)
  File "C:\Users\hs\Desktop\mall\templates\register.html", line 12, in template
    {% csrf_token %}
jinja2.exceptions.TemplateSyntaxError: Encountered unknown tag 'csrf_token'.

The above exception was the direct cause of the following exception:

Traceback (most recent call last):
  File "C:\Users\hs\Desktop\mall\venv\lib\site-packages\django\core\handlers\exception.py", line 55, in inner
    response = get_response(request)
  File "C:\Users\hs\Desktop\mall\venv\lib\site-packages\django\core\handlers\base.py", line 197, in _get_response
    response = wrapped_callback(request, *callback_args, **callback_kwargs)
  File "C:\Users\hs\Desktop\mall\venv\lib\site-packages\django\views\generic\base.py", line 84, in view
    return self.dispatch(request, *args, **kwargs)
  File "C:\Users\hs\Desktop\mall\venv\lib\site-packages\django\views\generic\base.py", line 119, in dispatch
    return handler(request, *args, **kwargs)
  File "C:\Users\hs\Desktop\mall\apps\users\views.py", line 14, in get
    return render(request, 'register.html')
  File "C:\Users\hs\Desktop\mall\venv\lib\site-packages\django\shortcuts.py", line 24, in render
    content = loader.render_to_string(template_name, context, request, using=using)
  File "C:\Users\hs\Desktop\mall\venv\lib\site-packages\django\template\loader.py", line 61, in render_to_string
    template = get_template(template_name, using=using)
  File "C:\Users\hs\Desktop\mall\venv\lib\site-packages\django\template\loader.py", line 15, in get_template
    return engine.get_template(template_name)
  File "C:\Users\hs\Desktop\mall\venv\lib\site-packages\django\template\backends\jinja2.py", line 48, in get_template
    raise new from exc
django.template.exceptions.TemplateSyntaxError: ("Encountered unknown tag 'csrf_token'.",)
ERROR 2022-08-01 16:41:40,007 basehttp 187 "GET /users/register/ HTTP/1.1" 500 156393
INFO 2022-08-01 16:42:01,251 autoreload 677 Watching for file changes with StatReloader
ERROR 2022-08-01 16:42:03,949 log 241 Internal Server Error: /users/register/
Traceback (most recent call last):
  File "C:\Users\hs\Desktop\mall\venv\lib\site-packages\django\template\backends\jinja2.py", line 42, in get_template
    return Template(self.env.get_template(template_name), self)
  File "C:\Users\hs\Desktop\mall\venv\lib\site-packages\jinja2\environment.py", line 1010, in get_template
    return self._load_template(name, globals)
  File "C:\Users\hs\Desktop\mall\venv\lib\site-packages\jinja2\environment.py", line 969, in _load_template
    template = self.loader.load(self, name, self.make_globals(globals))
  File "C:\Users\hs\Desktop\mall\venv\lib\site-packages\jinja2\loaders.py", line 138, in load
    code = environment.compile(source, name, filename)
  File "C:\Users\hs\Desktop\mall\venv\lib\site-packages\jinja2\environment.py", line 768, in compile
    self.handle_exception(source=source_hint)
  File "C:\Users\hs\Desktop\mall\venv\lib\site-packages\jinja2\environment.py", line 936, in handle_exception
    raise rewrite_traceback_stack(source=source)
  File "C:\Users\hs\Desktop\mall\templates\register.html", line 12, in template
    {% csrf_input %}
jinja2.exceptions.TemplateSyntaxError: Encountered unknown tag 'csrf_input'.

The above exception was the direct cause of the following exception:

Traceback (most recent call last):
  File "C:\Users\hs\Desktop\mall\venv\lib\site-packages\django\core\handlers\exception.py", line 55, in inner
    response = get_response(request)
  File "C:\Users\hs\Desktop\mall\venv\lib\site-packages\django\core\handlers\base.py", line 197, in _get_response
    response = wrapped_callback(request, *callback_args, **callback_kwargs)
  File "C:\Users\hs\Desktop\mall\venv\lib\site-packages\django\views\generic\base.py", line 84, in view
    return self.dispatch(request, *args, **kwargs)
  File "C:\Users\hs\Desktop\mall\venv\lib\site-packages\django\views\generic\base.py", line 119, in dispatch
    return handler(request, *args, **kwargs)
  File "C:\Users\hs\Desktop\mall\apps\users\views.py", line 14, in get
    return render(request, 'register.html')
  File "C:\Users\hs\Desktop\mall\venv\lib\site-packages\django\shortcuts.py", line 24, in render
    content = loader.render_to_string(template_name, context, request, using=using)
  File "C:\Users\hs\Desktop\mall\venv\lib\site-packages\django\template\loader.py", line 61, in render_to_string
    template = get_template(template_name, using=using)
  File "C:\Users\hs\Desktop\mall\venv\lib\site-packages\django\template\loader.py", line 15, in get_template
    return engine.get_template(template_name)
  File "C:\Users\hs\Desktop\mall\venv\lib\site-packages\django\template\backends\jinja2.py", line 48, in get_template
    raise new from exc
django.template.exceptions.TemplateSyntaxError: ("Encountered unknown tag 'csrf_input'.",)
ERROR 2022-08-01 16:42:03,967 basehttp 187 "GET /users/register/ HTTP/1.1" 500 156393
INFO 2022-08-01 16:42:48,610 autoreload 266 C:\Users\hs\Desktop\mall\apps\users\views.py changed, reloading.
INFO 2022-08-01 16:42:51,973 autoreload 677 Watching for file changes with StatReloader
INFO 2022-08-01 16:43:21,154 autoreload 677 Watching for file changes with StatReloader
INFO 2022-08-01 16:43:24,451 basehttp 187 "GET /users/register/ HTTP/1.1" 200 3914
INFO 2022-08-01 16:43:24,580 basehttp 187 "GET /static/js/register.js HTTP/1.1" 304 0
WARNING 2022-08-01 16:43:24,596 log 241 Not Found: /users/register/images/pic_code.jpg
WARNING 2022-08-01 16:43:24,598 basehttp 187 "GET /users/register/images/pic_code.jpg HTTP/1.1" 404 2356
WARNING 2022-08-01 16:43:24,728 log 241 Not Found: /users/register/images/pic_code.jpg
WARNING 2022-08-01 16:43:24,733 basehttp 187 "GET /users/register/images/pic_code.jpg HTTP/1.1" 404 2356
WARNING 2022-08-01 16:43:28,612 basehttp 187 "GET /static/js/axios.min.map HTTP/1.1" 404 1807
INFO 2022-08-01 16:44:24,145 basehttp 187 "GET /users/register/ HTTP/1.1" 200 3914
INFO 2022-08-01 16:44:24,215 basehttp 187 "GET /static/js/register.js HTTP/1.1" 304 0
WARNING 2022-08-01 16:44:24,260 log 241 Not Found: /users/register/images/pic_code.jpg
WARNING 2022-08-01 16:44:24,262 basehttp 187 "GET /users/register/images/pic_code.jpg HTTP/1.1" 404 2356
INFO 2022-08-01 16:46:26,207 autoreload 677 Watching for file changes with StatReloader
INFO 2022-08-01 16:46:35,893 basehttp 187 "GET /users/register/ HTTP/1.1" 200 3934
INFO 2022-08-01 16:46:35,944 basehttp 187 "GET /static/js/vue-2.5.16.js HTTP/1.1" 304 0
INFO 2022-08-01 16:46:35,944 basehttp 187 "GET /static/css/main.css HTTP/1.1" 304 0
INFO 2022-08-01 16:46:35,945 basehttp 187 "GET /static/js/axios-0.18.0.min.js HTTP/1.1" 304 0
INFO 2022-08-01 16:46:35,988 basehttp 187 "GET /static/js/host.js HTTP/1.1" 304 0
INFO 2022-08-01 16:46:35,994 basehttp 187 "GET /static/js/common.js HTTP/1.1" 304 0
INFO 2022-08-01 16:46:36,023 basehttp 187 "GET /static/css/reset.css HTTP/1.1" 304 0
INFO 2022-08-01 16:46:36,046 basehttp 187 "GET /static/images/logo.png HTTP/1.1" 304 0
INFO 2022-08-01 16:46:36,079 basehttp 187 "GET /static/images/interval_line.png HTTP/1.1" 304 0
INFO 2022-08-01 16:46:36,081 basehttp 187 "GET /static/images/register_banner.png HTTP/1.1" 304 0
INFO 2022-08-01 16:46:36,101 basehttp 187 "GET /static/images/icons02.png HTTP/1.1" 304 0
WARNING 2022-08-01 16:46:36,189 log 241 Not Found: /users/register/images/pic_code.jpg
INFO 2022-08-01 16:46:36,193 basehttp 187 "GET /static/js/register.js HTTP/1.1" 200 10914
WARNING 2022-08-01 16:46:36,224 basehttp 187 "GET /users/register/images/pic_code.jpg HTTP/1.1" 404 2356
WARNING 2022-08-01 16:46:50,459 log 241 Forbidden (CSRF token missing.): /users/register/
WARNING 2022-08-01 16:46:50,469 basehttp 187 "POST /users/register/ HTTP/1.1" 403 2501
INFO 2022-08-01 16:48:21,000 autoreload 677 Watching for file changes with StatReloader
WARNING 2022-08-01 16:48:42,866 log 241 Forbidden (CSRF token missing.): /users/register/
WARNING 2022-08-01 16:48:42,874 basehttp 187 "POST /users/register/ HTTP/1.1" 403 2501
WARNING 2022-08-01 16:49:32,221 basehttp 187 "GET /static/js/axios.min.map HTTP/1.1" 404 1807
INFO 2022-08-01 16:50:28,651 autoreload 677 Watching for file changes with StatReloader
INFO 2022-08-01 16:50:54,277 autoreload 677 Watching for file changes with StatReloader
INFO 2022-08-01 16:51:57,208 autoreload 266 C:\Users\hs\Desktop\mall\apps\users\views.py changed, reloading.
INFO 2022-08-01 16:52:00,243 autoreload 677 Watching for file changes with StatReloader
WARNING 2022-08-01 16:52:16,481 log 241 Forbidden (CSRF token missing.): /users/register/
WARNING 2022-08-01 16:52:16,482 basehttp 187 "POST /users/register/ HTTP/1.1" 403 2501
WARNING 2022-08-01 16:52:18,043 log 241 Forbidden (CSRF token missing.): /users/register/
WARNING 2022-08-01 16:52:18,049 basehttp 187 "POST /users/register/ HTTP/1.1" 403 2501
INFO 2022-08-01 16:54:01,169 basehttp 187 "GET /users/register/ HTTP/1.1" 200 3955
INFO 2022-08-01 16:54:01,457 basehttp 187 "GET /static/css/reset.css HTTP/1.1" 200 664
INFO 2022-08-01 16:54:01,459 basehttp 187 "GET /static/css/main.css HTTP/1.1" 200 41356
INFO 2022-08-01 16:54:01,500 basehttp 187 "GET /static/js/vue-2.5.16.js HTTP/1.1" 200 300254
INFO 2022-08-01 16:54:01,508 basehttp 187 "GET /static/js/host.js HTTP/1.1" 200 81
INFO 2022-08-01 16:54:01,529 basehttp 187 "GET /static/js/common.js HTTP/1.1" 200 919
INFO 2022-08-01 16:54:01,534 basehttp 187 "GET /static/js/register.js HTTP/1.1" 200 10914
INFO 2022-08-01 16:54:01,536 basehttp 187 "GET /static/js/axios-0.18.0.min.js HTTP/1.1" 200 12949
INFO 2022-08-01 16:54:01,557 basehttp 187 "GET /static/images/logo.png HTTP/1.1" 200 7450
INFO 2022-08-01 16:54:01,632 basehttp 187 "GET /static/images/interval_line.png HTTP/1.1" 200 1123
INFO 2022-08-01 16:54:01,632 basehttp 187 "GET /static/images/icons02.png HTTP/1.1" 200 3935
INFO 2022-08-01 16:54:01,635 basehttp 187 "GET /static/images/register_banner.png HTTP/1.1" 200 54894
WARNING 2022-08-01 16:54:01,642 log 241 Not Found: /users/register/images/pic_code.jpg
WARNING 2022-08-01 16:54:01,647 basehttp 187 "GET /users/register/images/pic_code.jpg HTTP/1.1" 404 2356
INFO 2022-08-01 16:54:04,704 basehttp 187 "POST /users/register/ HTTP/1.1" 200 3955
WARNING 2022-08-01 16:54:04,795 log 241 Not Found: /users/register/images/pic_code.jpg
WARNING 2022-08-01 16:54:04,802 basehttp 187 "GET /users/register/images/pic_code.jpg HTTP/1.1" 404 2356
INFO 2022-08-01 16:54:07,960 basehttp 187 "POST /users/register/ HTTP/1.1" 200 3955
WARNING 2022-08-01 16:54:07,999 log 241 Not Found: /users/register/images/pic_code.jpg
WARNING 2022-08-01 16:54:08,000 basehttp 187 "GET /users/register/images/pic_code.jpg HTTP/1.1" 404 2356
INFO 2022-08-01 16:54:30,983 autoreload 677 Watching for file changes with StatReloader
INFO 2022-08-01 16:55:23,379 autoreload 266 C:\Users\hs\Desktop\mall\apps\users\views.py changed, reloading.
INFO 2022-08-01 16:55:29,451 autoreload 677 Watching for file changes with StatReloader
INFO 2022-08-01 16:57:28,576 autoreload 677 Watching for file changes with StatReloader
INFO 2022-08-01 16:57:29,927 basehttp 187 "GET /users/register/ HTTP/1.1" 200 3955
INFO 2022-08-01 16:57:29,975 basehttp 187 "GET /static/css/main.css HTTP/1.1" 304 0
INFO 2022-08-01 16:57:29,978 basehttp 187 "GET /static/js/vue-2.5.16.js HTTP/1.1" 304 0
INFO 2022-08-01 16:57:29,991 basehttp 187 "GET /static/js/axios-0.18.0.min.js HTTP/1.1" 304 0
INFO 2022-08-01 16:57:30,007 basehttp 187 "GET /static/js/host.js HTTP/1.1" 304 0
INFO 2022-08-01 16:57:30,014 basehttp 187 "GET /static/js/common.js HTTP/1.1" 304 0
INFO 2022-08-01 16:57:30,021 basehttp 187 "GET /static/js/register.js HTTP/1.1" 304 0
INFO 2022-08-01 16:57:30,022 basehttp 187 "GET /static/css/reset.css HTTP/1.1" 304 0
INFO 2022-08-01 16:57:30,035 basehttp 187 "GET /static/images/logo.png HTTP/1.1" 304 0
INFO 2022-08-01 16:57:30,064 basehttp 187 "GET /static/images/interval_line.png HTTP/1.1" 304 0
INFO 2022-08-01 16:57:30,064 basehttp 187 "GET /static/images/register_banner.png HTTP/1.1" 304 0
INFO 2022-08-01 16:57:30,066 basehttp 187 "GET /static/images/icons02.png HTTP/1.1" 304 0
WARNING 2022-08-01 16:57:30,116 log 241 Not Found: /users/register/images/pic_code.jpg
WARNING 2022-08-01 16:57:30,119 basehttp 187 "GET /users/register/images/pic_code.jpg HTTP/1.1" 404 2356
WARNING 2022-08-01 16:57:30,223 log 241 Not Found: /favicon.ico
WARNING 2022-08-01 16:57:30,235 basehttp 187 "GET /favicon.ico HTTP/1.1" 404 2214
